1747914231: mosquitto version 2.0.21 starting
1747914231: Config loaded from /mosquitto/config/mosquitto.conf.
1747914231: Opening ipv4 listen socket on port 1883.
1747914231: Opening ipv6 listen socket on port 1883.
1747914231: mosquitto version 2.0.21 running
1747914486: mosquitto version 2.0.21 terminating
1747914486: Saving in-memory database to /mosquitto/data//mosquitto.db.
1747914490: mosquitto version 2.0.21 starting
1747914490: Config loaded from /mosquitto/config/mosquitto.conf.
1747914490: Opening ipv4 listen socket on port 1883.
1747914490: Opening ipv6 listen socket on port 1883.
1747914490: mosquitto version 2.0.21 running
1747914644: mosquitto version 2.0.21 terminating
1747914644: Saving in-memory database to /mosquitto/data//mosquitto.db.
1747914665: mosquitto version 2.0.21 starting
1747914665: Config loaded from /mosquitto/config/mosquitto.conf.
1747914665: Opening ipv4 listen socket on port 1883.
1747914665: Opening ipv6 listen socket on port 1883.
1747914665: mosquitto version 2.0.21 running
1747914806: New connection from 192.168.16.6:60246 on port 1883.
1747914806: New client connected from 192.168.16.6:60246 as nodered_926e6929a353f007 (p2, c1, k60).
1747915328: mosquitto version 2.0.21 terminating
1747915328: Saving in-memory database to /mosquitto/data//mosquitto.db.
